<?xml version="1.0" encoding="UTF-8"?>
<beans xmlns="http://www.springframework.org/schema/beans"
       xmlns:xsi="http://www.w3.org/2001/XMLSchema-instance"
       xmlns:context="http://www.springframework.org/schema/context"
       xmlns:tx="http://www.springframework.org/schema/tx"
              xmlns:aop="http://www.springframework.org/schema/aop"
       xsi:schemaLocation="http://www.springframework.org/schema/beans
                           http://www.springframework.org/schema/beans/spring-beans.xsd
                           http://www.springframework.org/schema/mvc
                           http://www.springframework.org/schema/mvc/spring-mvc.xsd
                           http://www.springframework.org/schema/tx 
                           http://www.springframework.org/schema/tx/spring-tx-3.0.xsd
                           http://www.springframework.org/schema/context
                           http://www.springframework.org/schema/context/spring-context.xsd
       http://www.springframework.org/schema/aop http://www.springframework.org/schema/aop/spring-aop-3.2.xsd"> 

    <!-- Bean definitions go here -->
    <bean id="inventoryDao" class="com.sg.vendingmachinespringmvc.dao.InventoryDaoInMemImpl"/> 
    <bean id="moneyDao" class="com.sg.vendingmachinespringmvc.dao.MoneyDaoInMemImpl"/> 
    
    
    <bean id="service" class="com.sg.vendingmachinespringmvc.service.VendingMachineServiceLayerImpl">
        <constructor-arg ref="inventoryDao"/>
        <constructor-arg ref="moneyDao"/>
    </bean>
    
<!--    <bean id="controller" class="com.sg.vendingmachinespringmvc.controller.VendingMachineController">
        <constructor-arg ref="service"/>
    </bean>-->
    
    
</beans>
